# JRE version: OpenJDK Runtime Environment (8.0_242-b01) (build 1.8.0_242-release-1644-b01)
# Java VM: OpenJDK 64-Bit Server VM (25.242-b01 mixed mode windows-amd64 compressed oops)
Heap:
 PSYoungGen      total 413184K, used 95403K [0x00000000d5580000, 0x00000000f1200000, 0x0000000100000000)
  eden space 381440K, 20% used [0x00000000d5580000,0x00000000da0cdb68,0x00000000eca00000)
  from space 31744K, 57% used [0x00000000ef300000,0x00000000f04dd2a8,0x00000000f1200000)
  to   space 36864K, 0% used [0x00000000eca00000,0x00000000eca00000,0x00000000eee00000)
 ParOldGen       total 135680K, used 75395K [0x0000000080000000, 0x0000000088480000, 0x00000000d5580000)
  object space 135680K, 55% used [0x0000000080000000,0x00000000849a0ec8,0x0000000088480000)
 Metaspace       used 102904K, capacity 110518K, committed 110680K, reserved 1144832K
  class space    used 13101K, capacity 14434K, committed 14464K, reserved 1048576K
GC Heap History (10 events):
Event: 6834.384 GC heap before
{Heap before GC invocations=40 (full 4):
 PSYoungGen      total 359936K, used 350973K [0x00000000d5580000, 0x00000000efa00000, 0x0000000100000000)
  eden space 321536K, 100% used [0x00000000d5580000,0x00000000e8f80000,0x00000000e8f80000)
  from space 38400K, 76% used [0x00000000e8f80000,0x00000000eac3f758,0x00000000eb500000)
  to   space 40448K, 0% used [0x00000000ed280000,0x00000000ed280000,0x00000000efa00000)
 ParOldGen       total 135680K, used 73244K [0x0000000080000000, 0x0000000088480000, 0x00000000d5580000)
  object space 135680K, 53% used [0x0000000080000000,0x00000000847871d8,0x0000000088480000)
 Metaspace       used 101042K, capacity 107096K, committed 107224K, reserved 1142784K
  class space    used 12854K, capacity 13959K, committed 14080K, reserved 1048576K
Event: 6835.095 GC heap after
Heap after GC invocations=40 (full 4):
 PSYoungGen      total 377856K, used 17045K [0x00000000d5580000, 0x00000000ef280000, 0x0000000100000000)
  eden space 345088K, 0% used [0x00000000d5580000,0x00000000d5580000,0x00000000ea680000)
  from space 32768K, 52% used [0x00000000ed280000,0x00000000ee325590,0x00000000ef280000)
  to   space 38912K, 0% used [0x00000000ea680000,0x00000000ea680000,0x00000000ecc80000)
 ParOldGen       total 135680K, used 73252K [0x0000000080000000, 0x0000000088480000, 0x00000000d5580000)
  object space 135680K, 53% used [0x0000000080000000,0x00000000847891d8,0x0000000088480000)
 Metaspace       used 101042K, capacity 107096K, committed 107224K, reserved 1142784K
  class space    used 12854K, capacity 13959K, committed 14080K, reserved 1048576K
}
Event: 7175.439 GC heap before
{Heap before GC invocations=41 (full 4):
 PSYoungGen      total 377856K, used 362133K [0x00000000d5580000, 0x00000000ef280000, 0x0000000100000000)
  eden space 345088K, 100% used [0x00000000d5580000,0x00000000ea680000,0x00000000ea680000)
  from space 32768K, 52% used [0x00000000ed280000,0x00000000ee325590,0x00000000ef280000)
  to   space 38912K, 0% used [0x00000000ea680000,0x00000000ea680000,0x00000000ecc80000)
 ParOldGen       total 135680K, used 73252K [0x0000000080000000, 0x0000000088480000, 0x00000000d5580000)
  object space 135680K, 53% used [0x0000000080000000,0x00000000847891d8,0x0000000088480000)
 Metaspace       used 101259K, capacity 107238K, committed 107480K, reserved 1142784K
  class space    used 12858K, capacity 13960K, committed 14080K, reserved 1048576K
Event: 7177.241 GC heap after
Heap after GC invocations=41 (full 4):
 PSYoungGen      total 384000K, used 14867K [0x00000000d5580000, 0x00000000f0680000, 0x0000000100000000)
  eden space 345088K, 0% used [0x00000000d5580000,0x00000000d5580000,0x00000000ea680000)
  from space 38912K, 38% used [0x00000000ea680000,0x00000000eb504ef8,0x00000000ecc80000)
  to   space 37376K, 0% used [0x00000000ee200000,0x00000000ee200000,0x00000000f0680000)
 ParOldGen       total 135680K, used 73260K [0x0000000080000000, 0x0000000088480000, 0x00000000d5580000)
  object space 135680K, 53% used [0x0000000080000000,0x000000008478b1d8,0x0000000088480000)
 Metaspace       used 101259K, capacity 107238K, committed 107480K, reserved 1142784K
  class space    used 12858K, capacity 13960K, committed 14080K, reserved 1048576K
}
Event: 8294.046 GC heap before
{Heap before GC invocations=42 (full 4):
 PSYoungGen      total 384000K, used 359955K [0x00000000d5580000, 0x00000000f0680000, 0x0000000100000000)
  eden space 345088K, 100% used [0x00000000d5580000,0x00000000ea680000,0x00000000ea680000)
  from space 38912K, 38% used [0x00000000ea680000,0x00000000eb504ef8,0x00000000ecc80000)
  to   space 37376K, 0% used [0x00000000ee200000,0x00000000ee200000,0x00000000f0680000)
 ParOldGen       total 135680K, used 73260K [0x0000000080000000, 0x0000000088480000, 0x00000000d5580000)
  object space 135680K, 53% used [0x0000000080000000,0x000000008478b1d8,0x0000000088480000)
 Metaspace       used 101414K, capacity 107508K, committed 107736K, reserved 1142784K
  class space    used 12859K, capacity 13961K, committed 14080K, reserved 1048576K
Event: 8294.602 GC heap after
Heap after GC invocations=42 (full 4):
 PSYoungGen      total 400896K, used 27305K [0x00000000d5580000, 0x00000000f0580000, 0x0000000100000000)
  eden space 364544K, 0% used [0x00000000d5580000,0x00000000d5580000,0x00000000eb980000)
  from space 36352K, 75% used [0x00000000ee200000,0x00000000efcaa450,0x00000000f0580000)
  to   space 38912K, 0% used [0x00000000eb980000,0x00000000eb980000,0x00000000edf80000)
 ParOldGen       total 135680K, used 73268K [0x0000000080000000, 0x0000000088480000, 0x00000000d5580000)
  object space 135680K, 54% used [0x0000000080000000,0x000000008478d1d8,0x0000000088480000)
 Metaspace       used 101414K, capacity 107508K, committed 107736K, reserved 1142784K
  class space    used 12859K, capacity 13961K, committed 14080K, reserved 1048576K
}
Event: 8468.004 GC heap before
{Heap before GC invocations=43 (full 4):
 PSYoungGen      total 400896K, used 391159K [0x00000000d5580000, 0x00000000f0580000, 0x0000000100000000)
  eden space 364544K, 99% used [0x00000000d5580000,0x00000000eb8d3a70,0x00000000eb980000)
  from space 36352K, 75% used [0x00000000ee200000,0x00000000efcaa450,0x00000000f0580000)
  to   space 38912K, 0% used [0x00000000eb980000,0x00000000eb980000,0x00000000edf80000)
 ParOldGen       total 135680K, used 73268K [0x0000000080000000, 0x0000000088480000, 0x00000000d5580000)
  object space 135680K, 54% used [0x0000000080000000,0x000000008478d1d8,0x0000000088480000)
 Metaspace       used 101556K, capacity 107670K, committed 107992K, reserved 1142784K
  class space    used 12862K, capacity 13966K, committed 14080K, reserved 1048576K
Event: 8469.058 GC heap after
Heap after GC invocations=43 (full 4):
 PSYoungGen      total 403456K, used 24150K [0x00000000d5580000, 0x00000000f1880000, 0x0000000100000000)
  eden space 364544K, 0% used [0x00000000d5580000,0x00000000d5580000,0x00000000eb980000)
  from space 38912K, 62% used [0x00000000eb980000,0x00000000ed115940,0x00000000edf80000)
  to   space 38400K, 0% used [0x00000000ef300000,0x00000000ef300000,0x00000000f1880000)
 ParOldGen       total 135680K, used 73276K [0x0000000080000000, 0x0000000088480000, 0x00000000d5580000)
  object space 135680K, 54% used [0x0000000080000000,0x000000008478f1d8,0x0000000088480000)
 Metaspace       used 101556K, capacity 107670K, committed 107992K, reserved 1142784K
  class space    used 12862K, capacity 13966K, committed 14080K, reserved 1048576K
}
Event: 10250.530 GC heap before
{Heap before GC invocations=44 (full 4):
 PSYoungGen      total 403456K, used 388694K [0x00000000d5580000, 0x00000000f1880000, 0x0000000100000000)
  eden space 364544K, 100% used [0x00000000d5580000,0x00000000eb980000,0x00000000eb980000)
  from space 38912K, 62% used [0x00000000eb980000,0x00000000ed115940,0x00000000edf80000)
  to   space 38400K, 0% used [0x00000000ef300000,0x00000000ef300000,0x00000000f1880000)
 ParOldGen       total 135680K, used 73276K [0x0000000080000000, 0x0000000088480000, 0x00000000d5580000)
  object space 135680K, 54% used [0x0000000080000000,0x000000008478f1d8,0x0000000088480000)
 Metaspace       used 102833K, capacity 110420K, committed 110680K, reserved 1144832K
  class space    used 13098K, capacity 14429K, committed 14464K, reserved 1048576K
Event: 10252.003 GC heap after
Heap after GC invocations=44 (full 4):
 PSYoungGen      total 413184K, used 18292K [0x00000000d5580000, 0x00000000f1200000, 0x0000000100000000)
  eden space 381440K, 0% used [0x00000000d5580000,0x00000000d5580000,0x00000000eca00000)
  from space 31744K, 57% used [0x00000000ef300000,0x00000000f04dd2a8,0x00000000f1200000)
  to   space 36864K, 0% used [0x00000000eca00000,0x00000000eca00000,0x00000000eee00000)
 ParOldGen       total 135680K, used 75395K [0x0000000080000000, 0x0000000088480000, 0x00000000d5580000)
  object space 135680K, 55% used [0x0000000080000000,0x00000000849a0ec8,0x0000000088480000)
 Metaspace       used 102833K, capacity 110420K, committed 110680K, reserved 1144832K
  class space    used 13098K, capacity 14429K, committed 14464K, reserved 1048576K
}

